#
# A fatal error has been detected by the Java Runtime Environment:
#
#  SIGFPE (0x8) at pc=0x000000010f6d4868, pid=22676, tid=0x0000000000001a03
#
# JRE version: Java(TM) SE Runtime Environment (8.0_202-b08) (build 1.8.0_202-b08)
# Java VM: Java HotSpot(TM) 64-Bit Server VM (25.202-b08 mixed mode bsd-amd64 compressed oops)
# Problematic frame:
# j  exception.Exception01.main([Ljava/lang/String;)V+5
#
# Failed to write core dump. Core dumps have been disabled. To enable core dumping, try "ulimit -c unlimited" before starting Java again
#
# If you would like to submit a bug report, please visit:
#   http://bugreport.java.com/bugreport/crash.jsp
#

---------------  T H R E A D  ---------------

Current thread (0x00007fe9bb80e800):  JavaThread "main" [_thread_in_Java, id=6659, stack(0x000000030609a000,0x000000030619a000)]

siginfo: si_signo: 8 (SIGFPE), si_code: 5 (FPE_FLTINV), si_addr: 0x000000010f6d4868

Registers:
RAX=0x0000000000000064, RBX=0x000000000000006c, RCX=0x0000000000000000, RDX=0x0000000000000000
RSP=0x00000003061999b0, RBP=0x00000003061999f0, RSI=0x0000000306199940, RDI=0x000000010f6c02bd
R8 =0x000000000000000a, R9 =0x000000079559b240, R10=0x000000010e10a160, R11=0x0000000306199538
R12=0x0000000000000000, R13=0x00000001235642eb, R14=0x0000000306199a08, R15=0x00007fe9bb80e800
RIP=0x000000010f6d4868, EFLAGS=0x0000000000000a83, ERR=0x0000000000000000
  TRAPNO=0x0000000000000000

Top of Stack: (sp=0x00000003061999b0)
0x00000003061999b0:   00000003061999b0 00000001235642e5
0x00000003061999c0:   0000000306199a08 0000000123564370
0x00000003061999d0:   0000000000000000 0000000123564318
0x00000003061999e0:   0000000000000000 0000000306199a08
0x00000003061999f0:   0000000306199a70 000000010f6b87a7
0x0000000306199a00:   0000000000000000 00000007955e4d20
0x0000000306199a10:   0000000100001fa0 000000000000000a
0x0000000306199a20:   00007fe9bb80e800 0000000000000001
0x0000000306199a30:   000000010f6b871f 0000000123564318
0x0000000306199a40:   0000000306199b08 0000000306199e90
0x0000000306199a50:   000000010000000a 0000000123564318
0x0000000306199a60:   000000010f6cb600 0000000306199c48
0x0000000306199a70:   0000000306199c20 000000010daf0d1e
0x0000000306199a80:   0000000000000001 00007fe9bb80e800
0x0000000306199a90:   0000000306199df0 0000000306199e90
0x0000000306199aa0:   0000000000000000 000000010f6cb600
0x0000000306199ab0:   0000000100f32f37 0000000306199c40
0x0000000306199ac0:   0000000306199e88 00007fe9bb80e800
0x0000000306199ad0:   00007fe9bb80e800 00007fe9bb414e10
0x0000000306199ae0:   00007fe9bb414f20 00007fe9bb414f30
0x0000000306199af0:   00007fe9bb415008 00000000000000d8
0x0000000306199b00:   00007fe9bb415030 00007fe9bb80e800
0x0000000306199b10:   00007fe9bb416390 0000000123564318
0x0000000306199b20:   0000000000000000 0000000000000000
0x0000000306199b30:   0000000000000000 0000000000000000
0x0000000306199b40:   0000000306199e88 00007fff2016d020
0x0000000306199b50:   0000000306199b80 0000000123564318
0x0000000306199b60:   00007fe9bb80e800 0000000306199bd0
0x0000000306199b70:   0000000306199bd0 00007fe9c0034700
0x0000000306199b80:   0000000306199bc0 0000000123564318
0x0000000306199b90:   00007fe9bb80e800 0000000306199bd0
0x0000000306199ba0:   000000010db2931c 0000000123564318 

Instructions: (pc=0x000000010f6d4868)
0x000000010f6d4848:   c8 8b 04 24 48 83 c4 08 81 f8 00 00 00 80 0f 85
0x000000010f6d4858:   0b 00 00 00 33 d2 83 f9 ff 0f 84 03 00 00 00 99
0x000000010f6d4868:   f7 f9 41 0f b6 5d 01 49 ff c5 49 ba 60 a1 10 0e
0x000000010f6d4878:   01 00 00 00 41 ff 24 da 80 00 00 00 00 00 00 00 

Register to memory mapping:

RAX=0x0000000000000064 is an unknown value
RBX=0x000000000000006c is an unknown value
RCX=0x0000000000000000 is an unknown value
RDX=0x0000000000000000 is an unknown value
RSP=0x00000003061999b0 is pointing into the stack for thread: 0x00007fe9bb80e800
RBP=0x00000003061999f0 is pointing into the stack for thread: 0x00007fe9bb80e800
RSI=0x0000000306199940 is pointing into the stack for thread: 0x00007fe9bb80e800
RDI=0x000000010f6c02bd is at code_begin+2301 in an Interpreter codelet
invoke return entry points  [0x000000010f6bf9c0, 0x000000010f6c03a0]  2528 bytes
R8 =0x000000000000000a is an unknown value
R9 =0x000000079559b240 is an oop
java.io.FileDescriptor 
 - klass: 'java/io/FileDescriptor'
R10=0x000000010e10a160: _ZN19TemplateInterpreter13_active_tableE+0x2000 in /Applications/Eclipse_2021-12.app/Contents/java/8/Home/jre/lib/server/libjvm.dylib at 0x000000010d800000
R11=0x0000000306199538 is pointing into the stack for thread: 0x00007fe9bb80e800
R12=0x0000000000000000 is an unknown value
R13=0x00000001235642eb is pointing into metadata
R14=0x0000000306199a08 is pointing into the stack for thread: 0x00007fe9bb80e800
R15=0x00007fe9bb80e800 is a thread


Stack: [0x000000030609a000,0x000000030619a000],  sp=0x00000003061999b0,  free space=1022k
Native frames: (J=compiled Java code, j=interpreted, Vv=VM code, C=native code)
j  exception.Exception01.main([Ljava/lang/String;)V+5
v  ~StubRoutines::call_stub
V  [libjvm.dylib+0x2f0d1e]  JavaCalls::call_helper(JavaValue*, methodHandle*, JavaCallArguments*, Thread*)+0x6ae
V  [libjvm.dylib+0x327cc5]  jni_invoke_static(JNIEnv_*, JavaValue*, _jobject*, JNICallType, _jmethodID*, JNI_ArgumentPusher*, Thread*)+0x1bf
V  [libjvm.dylib+0x320a51]  jni_CallStaticVoidMethod+0x15d
C  [java+0x38c6]  JavaMain+0x9c4
C  [libsystem_pthread.dylib+0x6950]  _pthread_start+0xe0
C  [libsystem_pthread.dylib+0x247b]  thread_start+0xf
C  0x0000000000000000


---------------  P R O C E S S  ---------------

Java Threads: ( => current thread )
  0x00007fe9bd017000 JavaThread "Service Thread" daemon [_thread_blocked, id=41223, stack(0x00000003072de000,0x00000003073de000)]
  0x00007fe9bd016000 JavaThread "C1 CompilerThread3" daemon [_thread_blocked, id=41731, stack(0x00000003071db000,0x00000003072db000)]
  0x00007fe9bc820000 JavaThread "C2 CompilerThread2" daemon [_thread_blocked, id=22787, stack(0x00000003070d8000,0x00000003071d8000)]
  0x00007fe9bb885000 JavaThread "C2 CompilerThread1" daemon [_thread_blocked, id=22531, stack(0x0000000306fd5000,0x00000003070d5000)]
  0x00007fe9bb855000 JavaThread "C2 CompilerThread0" daemon [_thread_blocked, id=22275, stack(0x0000000306ed2000,0x0000000306fd2000)]
  0x00007fe9bc81f000 JavaThread "Signal Dispatcher" daemon [_thread_blocked, id=43267, stack(0x0000000306dcf000,0x0000000306ecf000)]
  0x00007fe9bc81b800 JavaThread "Finalizer" daemon [_thread_blocked, id=14363, stack(0x0000000306bbb000,0x0000000306cbb000)]
  0x00007fe9bb84c000 JavaThread "Reference Handler" daemon [_thread_blocked, id=13859, stack(0x0000000306ab8000,0x0000000306bb8000)]
=>0x00007fe9bb80e800 JavaThread "main" [_thread_in_Java, id=6659, stack(0x000000030609a000,0x000000030619a000)]

Other Threads:
  0x00007fe9bd013800 VMThread [stack: 0x00000003069b5000,0x0000000306ab5000] [id=13315]
  0x00007fe9bc025800 WatcherThread [stack: 0x00000003073e1000,0x00000003074e1000] [id=23559]

VM state:not at safepoint (normal execution)

VM Mutex/Monitor currently owned by a thread: None

heap address: 0x0000000740000000, size: 2048 MB, Compressed Oops mode: Zero based, Oop shift amount: 3
Narrow klass base: 0x0000000000000000, Narrow klass shift: 3
Compressed class space size: 1073741824 Address: 0x00000007c0000000

Heap:
 PSYoungGen      total 38400K, used 665K [0x0000000795580000, 0x0000000798000000, 0x00000007c0000000)
  eden space 33280K, 2% used [0x0000000795580000,0x0000000795626670,0x0000000797600000)
  from space 5120K, 0% used [0x0000000797b00000,0x0000000797b00000,0x0000000798000000)
  to   space 5120K, 0% used [0x0000000797600000,0x0000000797600000,0x0000000797b00000)
 ParOldGen       total 87552K, used 0K [0x0000000740000000, 0x0000000745580000, 0x0000000795580000)
  object space 87552K, 0% used [0x0000000740000000,0x0000000740000000,0x0000000745580000)
 Metaspace       used 2504K, capacity 4486K, committed 4864K, reserved 1056768K
  class space    used 267K, capacity 386K, committed 512K, reserved 1048576K

Card table byte_map: [0x000000011e6b8000,0x000000011eab9000] byte_map_base: 0x000000011acb8000

Marking Bits: (ParMarkBitMap*) 0x000000010e0fbe40
 Begin Bits: [0x000000011ed64000, 0x0000000120d64000)
 End Bits:   [0x0000000120d64000, 0x0000000122d64000)

Polling page: 0x00000001092e8000

CodeCache: size=245760Kb used=1071Kb max_used=1072Kb free=244688Kb
 bounds [0x000000010f6b8000, 0x000000010f928000, 0x000000011e6b8000]
 total_blobs=236 nmethods=8 adapters=144
 compilation: enabled

Compilation events (10 events):
Event: 0.105 Thread 0x00007fe9bd016000    5       3       java.lang.Object::<init> (1 bytes)
Event: 0.106 Thread 0x00007fe9bd016000 nmethod 5 0x000000010f7c22d0 code [0x000000010f7c2440, 0x000000010f7c2590]
Event: 0.106 Thread 0x00007fe9bd016000    7       3       java.lang.String::indexOf (70 bytes)
Event: 0.107 Thread 0x00007fe9bd016000 nmethod 7 0x000000010f7c1c90 code [0x000000010f7c1e20, 0x000000010f7c21a8]
Event: 0.107 Thread 0x00007fe9bd016000    8       3       java.lang.String::equals (81 bytes)
Event: 0.111 Thread 0x00007fe9bd016000 nmethod 8 0x000000010f7c3890 code [0x000000010f7c3a20, 0x000000010f7c3f70]
Event: 0.111 Thread 0x00007fe9bd016000    2       3       java.lang.Math::min (11 bytes)
Event: 0.111 Thread 0x00007fe9bd016000 nmethod 2 0x000000010f7c3510 code [0x000000010f7c3680, 0x000000010f7c3810]
Event: 0.111 Thread 0x00007fe9bd016000    4       3       java.lang.String::length (6 bytes)
Event: 0.111 Thread 0x00007fe9bd016000 nmethod 4 0x000000010f7c3190 code [0x000000010f7c3300, 0x000000010f7c3470]

GC Heap History (0 events):
No events

Deoptimization events (0 events):
No events

Classes redefined (0 events):
No events

Internal exceptions (2 events):
Event: 0.048 Thread 0x00007fe9bb80e800 Exception <a 'java/lang/NoSuchMethodError': Method sun.misc.Unsafe.defineClass(Ljava/lang/String;[BII)Ljava/lang/Class; name or signature does not match> (0x0000000795587cb0) thrown at [/Users/java_re/workspace/8-2-build-macosx-x86_64/jdk8u202/12323/hotsp
Event: 0.048 Thread 0x00007fe9bb80e800 Exception <a 'java/lang/NoSuchMethodError': Method sun.misc.Unsafe.prefetchRead(Ljava/lang/Object;J)V name or signature does not match> (0x0000000795587f98) thrown at [/Users/java_re/workspace/8-2-build-macosx-x86_64/jdk8u202/12323/hotspot/src/share/vm/pr

Events (10 events):
Event: 0.113 loading class java/security/UnresolvedPermission
Event: 0.113 loading class java/security/UnresolvedPermission done
Event: 0.113 loading class java/security/BasicPermissionCollection
Event: 0.113 loading class java/security/BasicPermissionCollection done
Event: 0.114 loading class sun/launcher/LauncherHelper$FXHelper
Event: 0.114 loading class sun/launcher/LauncherHelper$FXHelper done
Event: 0.114 loading class java/lang/Class$MethodArray
Event: 0.114 loading class java/lang/Class$MethodArray done
Event: 0.117 loading class java/lang/Void
Event: 0.117 loading class java/lang/Void done


Dynamic libraries:
0x00007ffdffe09000 	/Library/Apple/usr/libexec/oah/runtime
0x00007fff3526a000 	/System/Library/Frameworks/Cocoa.framework/Versions/A/Cocoa
0x00007fff22129000 	/System/Library/Frameworks/Security.framework/Versions/A/Security
0x00007fff33469000 	/System/Library/Frameworks/ApplicationServices.framework/Versions/A/ApplicationServices
0x00007fff2a5cc000 	/usr/lib/libz.1.dylib
0x00007fff2a698000 	/usr/lib/libSystem.B.dylib
0x00007fff201db000 	/usr/lib/libobjc.A.dylib
0x00007fff203bc000 	/System/Library/Frameworks/CoreFoundation.framework/Versions/A/CoreFoundation
0x00007fff2109e000 	/System/Library/Frameworks/Foundation.framework/Versions/C/Foundation
0x00007fff22b4f000 	/System/Library/Frameworks/AppKit.framework/Versions/C/AppKit
0x00007fff25a0b000 	/System/Library/Frameworks/CoreData.framework/Versions/A/CoreData
0x00007fff238b2000 	/System/Library/PrivateFrameworks/UIFoundation.framework/Versions/A/UIFoundation
0x00007fff2fe4d000 	/System/Library/PrivateFrameworks/RemoteViewServices.framework/Versions/A/RemoteViewServices
0x00007fff28be9000 	/System/Library/PrivateFrameworks/XCTTargetBootstrap.framework/Versions/A/XCTTargetBootstrap
0x00007fff2b935000 	/usr/lib/libspindump.dylib
0x00007fff23b06000 	/System/Library/Frameworks/UniformTypeIdentifiers.framework/Versions/A/UniformTypeIdentifiers
0x00007fff273c0000 	/usr/lib/libapp_launch_measurement.dylib
0x00007fff273c3000 	/System/Library/PrivateFrameworks/CoreAutoLayout.framework/Versions/A/CoreAutoLayout
0x00007fff2854b000 	/System/Library/Frameworks/Metal.framework/Versions/A/Metal
0x00007fff2923e000 	/usr/lib/liblangid.dylib
0x00007fff28bed000 	/System/Library/PrivateFrameworks/CoreSVG.framework/Versions/A/CoreSVG
0x00007fff24aed000 	/System/Library/PrivateFrameworks/SkyLight.framework/Versions/A/SkyLight
0x00007fff24e53000 	/System/Library/Frameworks/CoreGraphics.framework/Versions/A/CoreGraphics
0x00007fff304a4000 	/System/Library/Frameworks/Accelerate.framework/Versions/A/Accelerate
0x00007fff2b370000 	/System/Library/PrivateFrameworks/IconServices.framework/Versions/A/IconServices
0x00007fff28530000 	/System/Library/Frameworks/IOSurface.framework/Versions/A/IOSurface
0x00007fff2639d000 	/usr/lib/libDiagnosticMessagesClient.dylib
0x00007fff28bd5000 	/System/Library/PrivateFrameworks/DFRFoundation.framework/Versions/A/DFRFoundation
0x00007fff2247b000 	/usr/lib/libicucore.A.dylib
0x00007fff2ce75000 	/System/Library/Frameworks/AudioToolbox.framework/Versions/A/AudioToolbox
0x00007fff2c11b000 	/System/Library/PrivateFrameworks/DataDetectorsCore.framework/Versions/A/DataDetectorsCore
0x00007fff288d5000 	/System/Library/Frameworks/Carbon.framework/Versions/A/Frameworks/HIToolbox.framework/Versions/A/HIToolbox
0x00007fff26e18000 	/System/Library/Frameworks/QuartzCore.framework/Versions/A/QuartzCore
0x00007fff2fe89000 	/System/Library/Frameworks/Carbon.framework/Versions/A/Frameworks/SpeechRecognition.framework/Versions/A/SpeechRecognition
0x00007fff27128000 	/System/Library/PrivateFrameworks/CoreUI.framework/Versions/A/CoreUI
0x00007fff21a85000 	/System/Library/Frameworks/CoreAudio.framework/Versions/A/CoreAudio
0x00007fff26488000 	/System/Library/Frameworks/DiskArbitration.framework/Versions/A/DiskArbitration
0x00007fff2bd2f000 	/System/Library/PrivateFrameworks/MultitouchSupport.framework/Versions/A/MultitouchSupport
0x00007fff2c112000 	/System/Library/PrivateFrameworks/InternationalSupport.framework/Versions/A/InternationalSupport
0x00007fff24a61000 	/usr/lib/libenergytrace.dylib
0x00007fff22a49000 	/System/Library/Frameworks/IOKit.framework/Versions/A/IOKit
0x00007fff301d6000 	/System/Library/Frameworks/CoreServices.framework/Versions/A/CoreServices
0x00007fff27356000 	/System/Library/PrivateFrameworks/PerformanceAnalysis.framework/Versions/A/PerformanceAnalysis
0x00007fff6cadf000 	/System/Library/Frameworks/OpenGL.framework/Versions/A/OpenGL
0x00007fff2c197000 	/System/Library/PrivateFrameworks/UserActivity.framework/Versions/A/UserActivity
0x00007fff2550d000 	/System/Library/Frameworks/ColorSync.framework/Versions/A/ColorSync
0x00007fff28e55000 	/System/Library/Frameworks/CoreImage.framework/Versions/A/CoreImage
0x00007fff2189c000 	/System/Library/Frameworks/CoreText.framework/Versions/A/CoreText
0x00007fff28c17000 	/System/Library/Frameworks/ImageIO.framework/Versions/A/ImageIO
0x00007fff2a69e000 	/System/Library/PrivateFrameworks/SoftLinking.framework/Versions/A/SoftLinking
0x00007fff2740c000 	/usr/lib/libxml2.2.dylib
0x00007fff202a1000 	/usr/lib/libc++.1.dylib
0x00007fff2a910000 	/usr/lib/libcompression.dylib
0x00007fff24a62000 	/usr/lib/libMobileGestalt.dylib
0x00007fff2c045000 	/System/Library/PrivateFrameworks/TextureIO.framework/Versions/A/TextureIO
0x00007fff2affd000 	/usr/lib/libate.dylib
0x00007fff2a692000 	/usr/lib/system/libcache.dylib
0x00007fff2a64e000 	/usr/lib/system/libcommonCrypto.dylib
0x00007fff2a678000 	/usr/lib/system/libcompiler_rt.dylib
0x00007fff2a66d000 	/usr/lib/system/libcopyfile.dylib
0x00007fff200ca000 	/usr/lib/system/libcorecrypto.dylib
0x00007fff20196000 	/usr/lib/system/libdispatch.dylib
0x00007fff2034b000 	/usr/lib/system/libdyld.dylib
0x00007fff2a689000 	/usr/lib/system/libkeymgr.dylib
0x00007fff2dc27000 	/usr/lib/system/liblaunch.dylib
0x00007fff2a62c000 	/usr/lib/system/libmacho.dylib
0x00007fff29e42000 	/usr/lib/system/libquarantine.dylib
0x00007fff2a686000 	/usr/lib/system/libremovefile.dylib
0x00007fff24abe000 	/usr/lib/system/libsystem_asl.dylib
0x00007fff2007a000 	/usr/lib/system/libsystem_blocks.dylib
0x00007fff20218000 	/usr/lib/system/libsystem_c.dylib
0x00007fff2a680000 	/usr/lib/system/libsystem_collections.dylib
0x00007fff2922f000 	/usr/lib/system/libsystem_configuration.dylib
0x00007fff2851f000 	/usr/lib/system/libsystem_containermanager.dylib
0x00007fff2a3c4000 	/usr/lib/system/libsystem_coreservices.dylib
0x00007fff226dd000 	/usr/lib/system/libsystem_darwin.dylib
0x00007fff2a68a000 	/usr/lib/system/libsystem_dnssd.dylib
0x00007fff20215000 	/usr/lib/system/libsystem_featureflags.dylib
0x00007fff20390000 	/usr/lib/system/libsystem_info.dylib
0x00007fff2a5df000 	/usr/lib/system/libsystem_m.dylib
0x00007fff20169000 	/usr/lib/system/libsystem_malloc.dylib
0x00007fff24a52000 	/usr/lib/system/libsystem_networkextension.dylib
0x00007fff22af7000 	/usr/lib/system/libsystem_notify.dylib
0x00007fff300d4000 	/usr/lib/system/libsystem_product_info_filter.dylib
0x00007fff29233000 	/usr/lib/system/libsystem_sandbox.dylib
0x00007fff2a683000 	/usr/lib/system/libsystem_secinit.dylib
0x00007fff20310000 	/usr/lib/system/libsystem_kernel.dylib
0x00007fff20386000 	/usr/lib/system/libsystem_platform.dylib
0x00007fff2033f000 	/usr/lib/system/libsystem_pthread.dylib
0x00007fff261eb000 	/usr/lib/system/libsystem_symptoms.dylib
0x00007fff200b2000 	/usr/lib/system/libsystem_trace.dylib
0x00007fff2a65a000 	/usr/lib/system/libunwind.dylib
0x00007fff2007c000 	/usr/lib/system/libxpc.dylib
0x00007fff202f7000 	/usr/lib/libc++abi.dylib
0x00007fff2a665000 	/usr/lib/liboah.dylib
0x00007fff2ad29000 	/usr/lib/liblzma.5.dylib
0x00007fff20db2000 	/System/Library/Frameworks/SystemConfiguration.framework/Versions/A/SystemConfiguration
0x00007fff2a69a000 	/usr/lib/libfakelink.dylib
0x00007fff245b4000 	/System/Library/Frameworks/CFNetwork.framework/Versions/A/CFNetwork
0x00007fff2a7da000 	/usr/lib/libarchive.2.dylib
0x00007fff20e30000 	/usr/lib/libCRFSuite.dylib
0x00007fff29e69000 	/usr/lib/libbsm.0.dylib
0x00007fff23f70000 	/usr/lib/libnetwork.dylib
0x00007fff2a69f000 	/usr/lib/libpcap.A.dylib
0x00007fff261e4000 	/usr/lib/libdns_services.dylib
0x00007fff2ad42000 	/usr/lib/libcoretls_cfhelpers.dylib
0x00007fff2a8de000 	/usr/lib/libapple_nghttp2.dylib
0x00007fff2a632000 	/usr/lib/system/libkxld.dylib
0x00007fff25e52000 	/usr/lib/libsqlite3.dylib
0x00007fff2a3a6000 	/System/Library/PrivateFrameworks/AppleFSCompression.framework/Versions/A/AppleFSCompression
0x00007fff29e51000 	/usr/lib/libcoretls.dylib
0x00007fff2a90b000 	/usr/lib/libpam.2.dylib
0x00007fff2ae3e000 	/usr/lib/libxar.1.dylib
0x00007fff2923a000 	/System/Library/PrivateFrameworks/AppleSystemInfo.framework/Versions/A/AppleSystemInfo
0x00007fff29a94000 	/System/Library/PrivateFrameworks/IOMobileFramebuffer.framework/Versions/A/IOMobileFramebuffer
0x00007fff2a3b6000 	/usr/lib/libbz2.1.0.dylib
0x00007fff2a6d7000 	/usr/lib/libiconv.2.dylib
0x00007fff2a62b000 	/usr/lib/libcharset.1.dylib
0x00007fff27392000 	/System/Library/Frameworks/CoreServices.framework/Versions/A/Frameworks/FSEvents.framework/Versions/A/FSEvents
0x00007fff226e7000 	/System/Library/Frameworks/CoreServices.framework/Versions/A/Frameworks/CarbonCore.framework/Versions/A/CarbonCore
0x00007fff263ed000 	/System/Library/Frameworks/CoreServices.framework/Versions/A/Frameworks/Metadata.framework/Versions/A/Metadata
0x00007fff2a3c9000 	/System/Library/Frameworks/CoreServices.framework/Versions/A/Frameworks/OSServices.framework/Versions/A/OSServices
0x00007fff2a84c000 	/System/Library/Frameworks/CoreServices.framework/Versions/A/Frameworks/SearchKit.framework/Versions/A/SearchKit
0x00007fff2616e000 	/System/Library/Frameworks/CoreServices.framework/Versions/A/Frameworks/AE.framework/Versions/A/AE
0x00007fff20858000 	/System/Library/Frameworks/CoreServices.framework/Versions/A/Frameworks/LaunchServices.framework/Versions/A/LaunchServices
0x00007fff2acda000 	/System/Library/Frameworks/CoreServices.framework/Versions/A/Frameworks/DictionaryServices.framework/Versions/A/DictionaryServices
0x00007fff2739b000 	/System/Library/Frameworks/CoreServices.framework/Versions/A/Frameworks/SharedFileList.framework/Versions/A/SharedFileList
0x00007fff29e45000 	/usr/lib/libCheckFix.dylib
0x00007fff24ad5000 	/System/Library/PrivateFrameworks/TCC.framework/Versions/A/TCC
0x00007fff29240000 	/System/Library/PrivateFrameworks/CoreNLP.framework/Versions/A/CoreNLP
0x00007fff263a0000 	/System/Library/PrivateFrameworks/MetadataUtilities.framework/Versions/A/MetadataUtilities
0x00007fff20e66000 	/usr/lib/libmecabra.dylib
0x00007fff2a159000 	/System/Library/Frameworks/MLCompute.framework/Versions/A/MLCompute
0x00007fff29e7a000 	/usr/lib/libmecab.dylib
0x00007fff29ec4000 	/usr/lib/libgermantok.dylib
0x00007fff2a8b4000 	/usr/lib/libThaiTokenizer.dylib
0x00007fff2ae79000 	/usr/lib/libChineseTokenizer.dylib
0x00007fff2a909000 	/System/Library/Frameworks/MetalPerformanceShaders.framework/Versions/A/MetalPerformanceShaders
0x00007fff2648f000 	/System/Library/Frameworks/Accelerate.framework/Versions/A/Frameworks/vImage.framework/Versions/A/vImage
0x00007fff301af000 	/System/Library/Frameworks/Accelerate.framework/Versions/A/Frameworks/vecLib.framework/Versions/A/vecLib
0x00007fff2ae84000 	/System/Library/Frameworks/Accelerate.framework/Versions/A/Frameworks/vecLib.framework/Versions/A/libvMisc.dylib
0x00007fff298f0000 	/System/Library/Frameworks/Accelerate.framework/Versions/A/Frameworks/vecLib.framework/Versions/A/libvDSP.dylib
0x00007fff20b5c000 	/System/Library/Frameworks/Accelerate.framework/Versions/A/Frameworks/vecLib.framework/Versions/A/libBLAS.dylib
0x00007fff2a92f000 	/System/Library/Frameworks/Accelerate.framework/Versions/A/Frameworks/vecLib.framework/Versions/A/libLAPACK.dylib
0x00007fff29eca000 	/System/Library/Frameworks/Accelerate.framework/Versions/A/Frameworks/vecLib.framework/Versions/A/libLinearAlgebra.dylib
0x00007fff2a8f6000 	/System/Library/Frameworks/Accelerate.framework/Versions/A/Frameworks/vecLib.framework/Versions/A/libSparseBLAS.dylib
0x00007fff2a929000 	/System/Library/Frameworks/Accelerate.framework/Versions/A/Frameworks/vecLib.framework/Versions/A/libQuadrature.dylib
0x00007fff292e8000 	/System/Library/Frameworks/Accelerate.framework/Versions/A/Frameworks/vecLib.framework/Versions/A/libBNNS.dylib
0x00007fff20d43000 	/System/Library/Frameworks/Accelerate.framework/Versions/A/Frameworks/vecLib.framework/Versions/A/libSparse.dylib
0x00007fff291d3000 	/System/Library/Frameworks/MetalPerformanceShaders.framework/Versions/A/Frameworks/MPSCore.framework/Versions/A/MPSCore
0x00007fff2a315000 	/System/Library/Frameworks/MetalPerformanceShaders.framework/Versions/A/Frameworks/MPSImage.framework/Versions/A/MPSImage
0x00007fff29ee1000 	/System/Library/Frameworks/MetalPerformanceShaders.framework/Versions/A/Frameworks/MPSNeuralNetwork.framework/Versions/A/MPSNeuralNetwork
0x00007fff2a2a0000 	/System/Library/Frameworks/MetalPerformanceShaders.framework/Versions/A/Frameworks/MPSMatrix.framework/Versions/A/MPSMatrix
0x00007fff2a109000 	/System/Library/Frameworks/MetalPerformanceShaders.framework/Versions/A/Frameworks/MPSRayIntersector.framework/Versions/A/MPSRayIntersector
0x00007fff2a2d7000 	/System/Library/Frameworks/MetalPerformanceShaders.framework/Versions/A/Frameworks/MPSNDArray.framework/Versions/A/MPSNDArray
0x00007fff20a88000 	/System/Library/PrivateFrameworks/MetalTools.framework/Versions/A/MetalTools
0x00007fff29238000 	/System/Library/PrivateFrameworks/AggregateDictionary.framework/Versions/A/AggregateDictionary
0x00007fff26378000 	/System/Library/PrivateFrameworks/CoreAnalytics.framework/Versions/A/CoreAnalytics
0x00007fff2a8b6000 	/System/Library/PrivateFrameworks/AppleSauce.framework/Versions/A/AppleSauce
0x00007fff28542000 	/System/Library/PrivateFrameworks/IOAccelerator.framework/Versions/A/IOAccelerator
0x00007fff6cad3000 	/System/Library/Frameworks/OpenGL.framework/Versions/A/Libraries/libCoreFSCache.dylib
0x00007fff21402000 	/System/Library/PrivateFrameworks/LanguageModeling.framework/Versions/A/LanguageModeling
0x00007fff29a81000 	/System/Library/PrivateFrameworks/CoreEmoji.framework/Versions/A/CoreEmoji
0x00007fff292e1000 	/System/Library/PrivateFrameworks/LinguisticData.framework/Versions/A/LinguisticData
0x00007fff20cf5000 	/System/Library/PrivateFrameworks/Lexicon.framework/Versions/A/Lexicon
0x00007fff2a7c8000 	/usr/lib/libcmph.dylib
0x00007fff27372000 	/System/Library/Frameworks/OpenDirectory.framework/Versions/A/Frameworks/CFOpenDirectory.framework/Versions/A/CFOpenDirectory
0x00007fff27362000 	/System/Library/Frameworks/OpenDirectory.framework/Versions/A/OpenDirectory
0x00007fff2ad44000 	/System/Library/PrivateFrameworks/APFS.framework/Versions/A/APFS
0x00007fff29da6000 	/System/Library/Frameworks/SecurityFoundation.framework/Versions/A/SecurityFoundation
0x00007fff2ae4c000 	/usr/lib/libutil.dylib
0x00007fff22a0e000 	/System/Library/PrivateFrameworks/CoreServicesStore.framework/Versions/A/CoreServicesStore
0x00007fff29e3d000 	/System/Library/Frameworks/ServiceManagement.framework/Versions/A/ServiceManagement
0x00007fff2ae50000 	/usr/lib/libxslt.1.dylib
0x00007fff29e33000 	/System/Library/PrivateFrameworks/BackgroundTaskManagement.framework/Versions/A/BackgroundTaskManagement
0x00007fff2bf90000 	/System/Library/Frameworks/ImageIO.framework/Versions/A/Resources/libRadiance.dylib
0x00007fff2bf99000 	/System/Library/Frameworks/ImageIO.framework/Versions/A/Resources/libJPEG.dylib
0x00007fff2bee9000 	/System/Library/Frameworks/ImageIO.framework/Versions/A/Resources/libPng.dylib
0x00007fff2bf10000 	/System/Library/Frameworks/ImageIO.framework/Versions/A/Resources/libTIFF.dylib
0x00007fff2bfee000 	/System/Library/Frameworks/ImageIO.framework/Versions/A/Resources/libGIF.dylib
0x00007fff2bc4d000 	/System/Library/Frameworks/ImageIO.framework/Versions/A/Resources/libJP2.dylib
0x00007fff2b337000 	/usr/lib/libexpat.1.dylib
0x00007fff2bc02000 	/System/Library/PrivateFrameworks/AppleJPEG.framework/Versions/A/AppleJPEG
0x00007fff28778000 	/System/Library/PrivateFrameworks/FontServices.framework/libFontParser.dylib
0x00007fff26122000 	/System/Library/PrivateFrameworks/RunningBoardServices.framework/Versions/A/RunningBoardServices
0x00007fff2bd2b000 	/System/Library/PrivateFrameworks/WatchdogClient.framework/Versions/A/WatchdogClient
0x00007fff214ef000 	/System/Library/Frameworks/CoreDisplay.framework/Versions/A/CoreDisplay
0x00007fff2868e000 	/System/Library/Frameworks/CoreMedia.framework/Versions/A/CoreMedia
0x00007fff274ef000 	/System/Library/Frameworks/CoreVideo.framework/Versions/A/CoreVideo
0x00007fff2bd63000 	/System/Library/Frameworks/VideoToolbox.framework/Versions/A/VideoToolbox
0x00007fff260a0000 	/System/Library/PrivateFrameworks/BaseBoard.framework/Versions/A/BaseBoard
0x00007fff2b47c000 	/System/Library/PrivateFrameworks/PersistentConnection.framework/Versions/A/PersistentConnection
0x00007fff25e3b000 	/System/Library/PrivateFrameworks/ProtocolBuffer.framework/Versions/A/ProtocolBuffer
0x00007fff26087000 	/System/Library/PrivateFrameworks/CommonUtilities.framework/Versions/A/CommonUtilities
0x00007fff2bb97000 	/System/Library/PrivateFrameworks/Bom.framework/Versions/A/Bom
0x00007fff2bf89000 	/System/Library/PrivateFrameworks/GPUWrangler.framework/Versions/A/GPUWrangler
0x00007fff2bf6e000 	/System/Library/PrivateFrameworks/IOPresentment.framework/Versions/A/IOPresentment
0x00007fff2bf93000 	/System/Library/PrivateFrameworks/DSExternalDisplay.framework/Versions/A/DSExternalDisplay
0x00007fff2bff3000 	/System/Library/PrivateFrameworks/CMCaptureCore.framework/Versions/A/CMCaptureCore
0x00007fff2b91c000 	/System/Library/PrivateFrameworks/AppServerSupport.framework/Versions/A/AppServerSupport
0x00007fff2d9c6000 	/System/Library/PrivateFrameworks/perfdata.framework/Versions/A/perfdata
0x00007fff29d95000 	/System/Library/PrivateFrameworks/AssertionServices.framework/Versions/A/AssertionServices
0x00007fff21626000 	/System/Library/PrivateFrameworks/AudioToolboxCore.framework/Versions/A/AudioToolboxCore
0x00007fff28671000 	/System/Library/PrivateFrameworks/caulk.framework/Versions/A/caulk
0x00007fff3d653000 	/System/Library/PrivateFrameworks/SystemPolicy.framework/Versions/A/SystemPolicy
0x00007fff2b12c000 	/usr/lib/libIOReport.dylib
0x00007fff2d1e8000 	/usr/lib/libSMC.dylib
0x00007fff2beb6000 	/usr/lib/libAudioToolboxUtility.dylib
0x00007fff3dfbd000 	/usr/lib/libmis.dylib
0x00007fff6cb2f000 	/System/Library/Frameworks/OpenGL.framework/Versions/A/Libraries/libGLU.dylib
0x00007fff6caf2000 	/System/Library/Frameworks/OpenGL.framework/Versions/A/Libraries/libGFXShared.dylib
0x00007fff6cd01000 	/System/Library/Frameworks/OpenGL.framework/Versions/A/Libraries/libGL.dylib
0x00007fff6cafb000 	/System/Library/Frameworks/OpenGL.framework/Versions/A/Libraries/libGLImage.dylib
0x00007fff6caef000 	/System/Library/Frameworks/OpenGL.framework/Versions/A/Libraries/libCVMSPluginSupport.dylib
0x00007fff6cada000 	/System/Library/Frameworks/OpenGL.framework/Versions/A/Libraries/libCoreVMClient.dylib
0x00007fff6e142000 	/System/Library/Frameworks/OpenCL.framework/Versions/A/OpenCL
0x00007fff2b4a6000 	/System/Library/PrivateFrameworks/GraphVisualizer.framework/Versions/A/GraphVisualizer
0x00007fff2b4b5000 	/System/Library/PrivateFrameworks/FaceCore.framework/Versions/A/FaceCore
0x00007fff2b8d1000 	/System/Library/PrivateFrameworks/OTSVG.framework/Versions/A/OTSVG
0x00007fff270e6000 	/System/Library/Frameworks/ApplicationServices.framework/Versions/A/Frameworks/ATS.framework/Versions/A/Resources/libFontRegistry.dylib
0x00007fff2b923000 	/System/Library/PrivateFrameworks/FontServices.framework/libhvf.dylib
0x00007fff2b2e3000 	/System/Library/PrivateFrameworks/AppleVA.framework/Versions/A/AppleVA
0x00007fff2d031000 	/System/Library/Frameworks/ApplicationServices.framework/Versions/A/Frameworks/ATS.framework/Versions/A/ATS
0x00007fff2d343000 	/System/Library/Frameworks/ApplicationServices.framework/Versions/A/Frameworks/ColorSyncLegacy.framework/Versions/A/ColorSyncLegacy
0x00007fff25604000 	/System/Library/Frameworks/ApplicationServices.framework/Versions/A/Frameworks/HIServices.framework/Versions/A/HIServices
0x00007fff2d328000 	/System/Library/Frameworks/ApplicationServices.framework/Versions/A/Frameworks/LangAnalysis.framework/Versions/A/LangAnalysis
0x00007fff2bffd000 	/System/Library/Frameworks/ApplicationServices.framework/Versions/A/Frameworks/PrintCore.framework/Versions/A/PrintCore
0x00007fff2d34b000 	/System/Library/Frameworks/ApplicationServices.framework/Versions/A/Frameworks/QD.framework/Versions/A/QD
0x00007fff2d021000 	/System/Library/Frameworks/ApplicationServices.framework/Versions/A/Frameworks/SpeechSynthesis.framework/Versions/A/SpeechSynthesis
0x00007fff2bfbe000 	/System/Library/Frameworks/ApplicationServices.framework/Versions/A/Frameworks/ATSUI.framework/Versions/A/ATSUI
0x00007fff2d2c8000 	/usr/lib/libcups.2.dylib
0x00007fff2d338000 	/System/Library/PrivateFrameworks/NetAuth.framework/Versions/A/NetAuth
0x00007fff2d9e2000 	/System/Library/Frameworks/Kerberos.framework/Versions/A/Kerberos
0x00007fff2d9f2000 	/System/Library/Frameworks/GSS.framework/Versions/A/GSS
0x00007fff2d09d000 	/usr/lib/libresolv.9.dylib
0x00007fff2b938000 	/System/Library/PrivateFrameworks/Heimdal.framework/Versions/A/Heimdal
0x00007fff33769000 	/System/Library/Frameworks/Kerberos.framework/Versions/A/Libraries/libHeimdalProxy.dylib
0x00007fff261f3000 	/System/Library/Frameworks/Network.framework/Versions/A/Network
0x00007fff2b351000 	/usr/lib/libheimdal-asn1.dylib
0x00007fff2da42000 	/System/Library/PrivateFrameworks/CommonAuth.framework/Versions/A/CommonAuth
0x00007fff2753c000 	/System/Library/PrivateFrameworks/login.framework/Versions/A/Frameworks/loginsupport.framework/Versions/A/loginsupport
0x00007fff2cfa6000 	/System/Library/PrivateFrameworks/AudioSession.framework/Versions/A/AudioSession
0x00007fff2d00e000 	/usr/lib/libAudioStatistics.dylib
0x00007fff2b3de000 	/System/Library/PrivateFrameworks/MediaExperience.framework/Versions/A/MediaExperience
0x00007fff2ce43000 	/System/Library/PrivateFrameworks/AudioSession.framework/libSessionUtility.dylib
0x00007fff2d9d3000 	/usr/lib/libperfcheck.dylib
0x00007fff2d357000 	/System/Library/PrivateFrameworks/AudioResourceArbitration.framework/Versions/A/AudioResourceArbitration
0x00007fff2b35b000 	/System/Library/PrivateFrameworks/IconFoundation.framework/Versions/A/IconFoundation
0x00007fff2fe79000 	/System/Library/PrivateFrameworks/SpeechRecognitionCore.framework/Versions/A/SpeechRecognitionCore
0x00007fff59276000 	/System/Library/CoreServices/Encodings/libJapaneseConverter.dylib
0x000000010d800000 	/Applications/Eclipse_2021-12.app/Contents/java/8/Home/jre/lib/server/libjvm.dylib
0x00007fff789e7000 	/usr/lib/libstdc++.6.dylib
0x0000000109253000 	/Applications/Eclipse_2021-12.app/Contents/java/8/Home/jre/lib/libverify.dylib
0x0000000109273000 	/Applications/Eclipse_2021-12.app/Contents/java/8/Home/jre/lib/libjava.dylib
0x000000010933a000 	/Applications/Eclipse_2021-12.app/Contents/java/8/Home/jre/lib/libzip.dylib

VM Arguments:
jvm_args: -Djava.ext.dirs=/Applications/Eclipse_2021-12.app/Contents/java/8/Home/jre/lib/ext -Dfile.encoding=UTF-8 
java_command: exception.Exception01
java_class_path (initial): /Users/nishinoshungo/Desktop/lessons/Java-practice/JavaWcp/bin
Launcher Type: SUN_STANDARD

Environment Variables:
PATH=/usr/bin:/bin:/usr/sbin:/sbin
SHELL=/bin/zsh

Signal Handlers:
SIGSEGV: [libjvm.dylib+0x5b719d], sa_mask[0]=11111111111111111111111111111111, sa_flags=SA_ONSTACK|SA_RESTART|SA_SIGINFO
SIGBUS: [libjvm.dylib+0x5b719d], sa_mask[0]=11111111111111111111111111111111, sa_flags=SA_RESTART|SA_SIGINFO
SIGFPE: [libjvm.dylib+0x48c8fc], sa_mask[0]=11111111111111111111111111111111, sa_flags=SA_RESTART|SA_SIGINFO
SIGPIPE: [libjvm.dylib+0x48c8fc], sa_mask[0]=11111111111111111111111111111111, sa_flags=SA_RESTART|SA_SIGINFO
SIGXFSZ: [libjvm.dylib+0x48c8fc], sa_mask[0]=11111111111111111111111111111111, sa_flags=SA_RESTART|SA_SIGINFO
SIGILL: [libjvm.dylib+0x48c8fc], sa_mask[0]=11111111111111111111111111111111, sa_flags=SA_RESTART|SA_SIGINFO
SIGUSR1: SIG_DFL, sa_mask[0]=00000000000000000000000000000000, sa_flags=none
SIGUSR2: [libjvm.dylib+0x48c41a], sa_mask[0]=00100000000000000000000000000000, sa_flags=SA_RESTART|SA_SIGINFO
SIGHUP: [libjvm.dylib+0x48a9a5], sa_mask[0]=11111111111111111111111111111111, sa_flags=SA_RESTART|SA_SIGINFO
SIGINT: [libjvm.dylib+0x48a9a5], sa_mask[0]=11111111111111111111111111111111, sa_flags=SA_RESTART|SA_SIGINFO
SIGTERM: [libjvm.dylib+0x48a9a5], sa_mask[0]=11111111111111111111111111111111, sa_flags=SA_RESTART|SA_SIGINFO
SIGQUIT: [libjvm.dylib+0x48a9a5], sa_mask[0]=11111111111111111111111111111111, sa_flags=SA_RESTART|SA_SIGINFO


---------------  S Y S T E M  ---------------

OS:Bsduname:Darwin 20.2.0 Darwin Kernel Version 20.2.0: Wed Dec  2 20:40:21 PST 2020; root:xnu-7195.60.75~1/RELEASE_ARM64_T8101 x86_64
rlimit: STACK 8176k, CORE 0k, NPROC 1333, NOFILE 10240, AS infinity
load average:1.50 1.45 1.40

CPU:total 8 (initial active 8) (1 cores per cpu, 1 threads per core) family 6 model 44 stepping 0, cmov, cx8, fxsr, mmx, sse, sse2, sse3, ssse3, sse4.1, sse4.2, popcnt, aes, clmul, tsc, tscinvbit, tscinv

Memory: 4k page, physical 8388608k(21132k free)

/proc/meminfo:


vm_info: Java HotSpot(TM) 64-Bit Server VM (25.202-b08) for bsd-amd64 JRE (1.8.0_202-b08), built on Dec 15 2018 20:16:16 by "java_re" with gcc 4.2.1 (Based on Apple Inc. build 5658) (LLVM build 2336.11.00)

time: Fri Mar 18 06:50:53 2022
timezone: JST
elapsed time: 0 seconds (0d 0h 0m 0s)

